<?xml version="1.0" encoding="UTF-8"?>
<testsuite name="Como usuario , Ingresar 10 veces en la plataforma" tests="1" skipped="0" failures="0" errors="0" timestamp="2022-10-06T17:24:08" hostname="DESKTOP-B8TPBLD" time="34.392">
  <properties/>
  <testcase name="Ingresar a la plataforma de Evalart como usuario valido" classname="Como usuario , Ingresar 10 veces en la plataforma" time="34.392"/>
  <system-out><![CDATA[]]></system-out>
  <system-err><![CDATA[[Test worker] WARN net.thucydides.core.steps.BaseStepListener - stepStarted: net.thucydides.core.steps.ExecutedStepDescription@61861a29
[Test worker] WARN net.thucydides.core.steps.BaseStepListener - stepStarted: net.thucydides.core.steps.ExecutedStepDescription@2063c53e
[Test worker] WARN net.thucydides.core.steps.BaseStepListener - stepStarted: net.thucydides.core.steps.ExecutedStepDescription@dcc6211
oct 06, 2022 12:24:12 PM org.openqa.selenium.remote.DesiredCapabilities chrome
INFORMACIÓN: Using `new ChromeOptions()` is preferred to `DesiredCapabilities.chrome()`
[Test worker] INFO net.serenitybdd.core.webdriver.driverproviders.ProvideNewDriver - Instantiating driver
[Test worker] INFO net.serenitybdd.core.webdriver.driverproviders.ProvideNewDriver - Driver capabilities: Capabilities {acceptInsecureCerts: false, browserName: chrome, chrome.switches: --start-maximized, goog:chromeOptions: {args: [--start-maximized], extensions: []}, loggingPrefs: org.openqa.selenium.logging..., platform: ANY, version: }
Starting ChromeDriver 105.0.5195.52 (412c95e518836d8a7d97250d62b29c2ae6a26a85-refs/branch-heads/5195@{#853}) on port 25494
Only local connections are allowed.
Please see https://chromedriver.chromium.org/security-considerations for suggestions on keeping ChromeDriver safe.
ChromeDriver was started successfully.
oct 06, 2022 12:24:25 PM org.openqa.selenium.remote.ProtocolHandshake createSession
INFORMACIÓN: Detected dialect: W3C
[Test worker] WARN net.thucydides.core.steps.BaseStepListener - stepFinished: current outcome:Ingresar a la plataforma de Evalart como usuario valido:Example: {usuario=46675, contrasena=10df2f32286b7120Mi00LTE1NzY2NA==30e0c83e6c29f1c3} [Given Dirigirse a la URL [Javier login task [Javier opens the Objetos]]]
[Test worker] WARN net.thucydides.core.steps.BaseStepListener - stepFinished: current outcome:Ingresar a la plataforma de Evalart como usuario valido:Example: {usuario=46675, contrasena=10df2f32286b7120Mi00LTE1NzY2NA==30e0c83e6c29f1c3} [Given Dirigirse a la URL [Javier login task [Javier opens the Objetos]]]
[Test worker] WARN net.thucydides.core.steps.BaseStepListener - stepFinished: current outcome:Ingresar a la plataforma de Evalart como usuario valido:Example: {usuario=46675, contrasena=10df2f32286b7120Mi00LTE1NzY2NA==30e0c83e6c29f1c3} [Given Dirigirse a la URL [Javier login task [Javier opens the Objetos]]]
[Test worker] WARN net.thucydides.core.steps.BaseStepListener - stepStarted: net.thucydides.core.steps.ExecutedStepDescription@b73433
[Test worker] WARN net.thucydides.core.steps.BaseStepListener - stepStarted: net.thucydides.core.steps.ExecutedStepDescription@29c17c3d
[Test worker] WARN net.thucydides.core.steps.BaseStepListener - stepStarted: net.thucydides.core.steps.ExecutedStepDescription@497d4c96
[Test worker] WARN net.thucydides.core.steps.BaseStepListener - stepFinished: current outcome:Ingresar a la plataforma de Evalart como usuario valido:Example: {usuario=46675, contrasena=10df2f32286b7120Mi00LTE1NzY2NA==30e0c83e6c29f1c3} [Given Dirigirse a la URL [Javier login task [Javier opens the Objetos]], When el usuario ingresa 46675 y 10df2f32286b7120Mi00LTE1NzY2NA==30e0c83e6c29f1c3 [Javier login datos task [Javier clicks on campo para ingresar Usuario]]]
[Test worker] WARN net.thucydides.core.steps.BaseStepListener - stepStarted: net.thucydides.core.steps.ExecutedStepDescription@1d858300
[Test worker] WARN net.thucydides.core.steps.BaseStepListener - stepFinished: current outcome:Ingresar a la plataforma de Evalart como usuario valido:Example: {usuario=46675, contrasena=10df2f32286b7120Mi00LTE1NzY2NA==30e0c83e6c29f1c3} [Given Dirigirse a la URL [Javier login task [Javier opens the Objetos]], When el usuario ingresa 46675 y 10df2f32286b7120Mi00LTE1NzY2NA==30e0c83e6c29f1c3 [Javier login datos task [Javier clicks on campo para ingresar Usuario, Javier enters '46675' into campo para ingresar Usuario]]]
[Test worker] WARN net.thucydides.core.steps.BaseStepListener - stepStarted: net.thucydides.core.steps.ExecutedStepDescription@1f95881a
[Test worker] WARN net.thucydides.core.steps.BaseStepListener - stepFinished: current outcome:Ingresar a la plataforma de Evalart como usuario valido:Example: {usuario=46675, contrasena=10df2f32286b7120Mi00LTE1NzY2NA==30e0c83e6c29f1c3} [Given Dirigirse a la URL [Javier login task [Javier opens the Objetos]], When el usuario ingresa 46675 y 10df2f32286b7120Mi00LTE1NzY2NA==30e0c83e6c29f1c3 [Javier login datos task [Javier clicks on campo para ingresar Usuario, Javier enters '46675' into campo para ingresar Usuario, Javier clicks on campo para ingresar Password]]]
[Test worker] WARN net.thucydides.core.steps.BaseStepListener - stepStarted: net.thucydides.core.steps.ExecutedStepDescription@5dc769f9
[Test worker] WARN net.thucydides.core.steps.BaseStepListener - stepFinished: current outcome:Ingresar a la plataforma de Evalart como usuario valido:Example: {usuario=46675, contrasena=10df2f32286b7120Mi00LTE1NzY2NA==30e0c83e6c29f1c3} [Given Dirigirse a la URL [Javier login task [Javier opens the Objetos]], When el usuario ingresa 46675 y 10df2f32286b7120Mi00LTE1NzY2NA==30e0c83e6c29f1c3 [Javier login datos task [Javier clicks on campo para ingresar Usuario, Javier enters '46675' into campo para ingresar Usuario, Javier clicks on campo para ingresar Password, Javier enters '10df2f32286b7120Mi00LTE1NzY2NA==30e0c83e6c29f1c3' into campo para ingresar Password]]]
[Test worker] WARN net.thucydides.core.steps.BaseStepListener - stepFinished: current outcome:Ingresar a la plataforma de Evalart como usuario valido:Example: {usuario=46675, contrasena=10df2f32286b7120Mi00LTE1NzY2NA==30e0c83e6c29f1c3} [Given Dirigirse a la URL [Javier login task [Javier opens the Objetos]], When el usuario ingresa 46675 y 10df2f32286b7120Mi00LTE1NzY2NA==30e0c83e6c29f1c3 [Javier login datos task [Javier clicks on campo para ingresar Usuario, Javier enters '46675' into campo para ingresar Usuario, Javier clicks on campo para ingresar Password, Javier enters '10df2f32286b7120Mi00LTE1NzY2NA==30e0c83e6c29f1c3' into campo para ingresar Password]]]
[Test worker] WARN net.thucydides.core.steps.BaseStepListener - stepFinished: current outcome:Ingresar a la plataforma de Evalart como usuario valido:Example: {usuario=46675, contrasena=10df2f32286b7120Mi00LTE1NzY2NA==30e0c83e6c29f1c3} [Given Dirigirse a la URL [Javier login task [Javier opens the Objetos]], When el usuario ingresa 46675 y 10df2f32286b7120Mi00LTE1NzY2NA==30e0c83e6c29f1c3 [Javier login datos task [Javier clicks on campo para ingresar Usuario, Javier enters '46675' into campo para ingresar Usuario, Javier clicks on campo para ingresar Password, Javier enters '10df2f32286b7120Mi00LTE1NzY2NA==30e0c83e6c29f1c3' into campo para ingresar Password]]]
[Test worker] WARN net.thucydides.core.steps.BaseStepListener - stepStarted: net.thucydides.core.steps.ExecutedStepDescription@35c4697c
[Test worker] WARN net.thucydides.core.steps.BaseStepListener - stepStarted: net.thucydides.core.steps.ExecutedStepDescription@6f5bd362
[Test worker] WARN net.thucydides.core.steps.BaseStepListener - stepStarted: net.thucydides.core.steps.ExecutedStepDescription@4207852d
[Test worker] WARN net.thucydides.core.steps.BaseStepListener - stepFinished: current outcome:Ingresar a la plataforma de Evalart como usuario valido:Example: {usuario=46675, contrasena=10df2f32286b7120Mi00LTE1NzY2NA==30e0c83e6c29f1c3} [Given Dirigirse a la URL [Javier login task [Javier opens the Objetos]], When el usuario ingresa 46675 y 10df2f32286b7120Mi00LTE1NzY2NA==30e0c83e6c29f1c3 [Javier login datos task [Javier clicks on campo para ingresar Usuario, Javier enters '46675' into campo para ingresar Usuario, Javier clicks on campo para ingresar Password, Javier enters '10df2f32286b7120Mi00LTE1NzY2NA==30e0c83e6c29f1c3' into campo para ingresar Password]], Then Usuario da click en el boton Enviar [Javier login boton enviar task [Javier clicks on campo para ingresar Password]]]
[Test worker] WARN net.thucydides.core.steps.BaseStepListener - stepFinished: current outcome:Ingresar a la plataforma de Evalart como usuario valido:Example: {usuario=46675, contrasena=10df2f32286b7120Mi00LTE1NzY2NA==30e0c83e6c29f1c3} [Given Dirigirse a la URL [Javier login task [Javier opens the Objetos]], When el usuario ingresa 46675 y 10df2f32286b7120Mi00LTE1NzY2NA==30e0c83e6c29f1c3 [Javier login datos task [Javier clicks on campo para ingresar Usuario, Javier enters '46675' into campo para ingresar Usuario, Javier clicks on campo para ingresar Password, Javier enters '10df2f32286b7120Mi00LTE1NzY2NA==30e0c83e6c29f1c3' into campo para ingresar Password]], Then Usuario da click en el boton Enviar [Javier login boton enviar task [Javier clicks on campo para ingresar Password]]]
[Test worker] WARN net.thucydides.core.steps.BaseStepListener - stepFinished: current outcome:Ingresar a la plataforma de Evalart como usuario valido:Example: {usuario=46675, contrasena=10df2f32286b7120Mi00LTE1NzY2NA==30e0c83e6c29f1c3} [Given Dirigirse a la URL [Javier login task [Javier opens the Objetos]], When el usuario ingresa 46675 y 10df2f32286b7120Mi00LTE1NzY2NA==30e0c83e6c29f1c3 [Javier login datos task [Javier clicks on campo para ingresar Usuario, Javier enters '46675' into campo para ingresar Usuario, Javier clicks on campo para ingresar Password, Javier enters '10df2f32286b7120Mi00LTE1NzY2NA==30e0c83e6c29f1c3' into campo para ingresar Password]], Then Usuario da click en el boton Enviar [Javier login boton enviar task [Javier clicks on campo para ingresar Password]]]
[Test worker] WARN net.thucydides.core.steps.BaseStepListener - stepFinished: current outcome:Ingresar a la plataforma de Evalart como usuario valido:Example: {usuario=46675, contrasena=10df2f32286b7120Mi00LTE1NzY2NA==30e0c83e6c29f1c3} [Given Dirigirse a la URL [Javier login task [Javier opens the Objetos]], When el usuario ingresa 46675 y 10df2f32286b7120Mi00LTE1NzY2NA==30e0c83e6c29f1c3 [Javier login datos task [Javier clicks on campo para ingresar Usuario, Javier enters '46675' into campo para ingresar Usuario, Javier clicks on campo para ingresar Password, Javier enters '10df2f32286b7120Mi00LTE1NzY2NA==30e0c83e6c29f1c3' into campo para ingresar Password]], Then Usuario da click en el boton Enviar [Javier login boton enviar task [Javier clicks on campo para ingresar Password]]]
[Test worker] WARN net.thucydides.core.steps.BaseStepListener - testFinished: Ingresar a la plataforma de Evalart como usuario valido:Example: {usuario=46675, contrasena=10df2f32286b7120Mi00LTE1NzY2NA==30e0c83e6c29f1c3} [Given Dirigirse a la URL [Javier login task [Javier opens the Objetos]], When el usuario ingresa 46675 y 10df2f32286b7120Mi00LTE1NzY2NA==30e0c83e6c29f1c3 [Javier login datos task [Javier clicks on campo para ingresar Usuario, Javier enters '46675' into campo para ingresar Usuario, Javier clicks on campo para ingresar Password, Javier enters '10df2f32286b7120Mi00LTE1NzY2NA==30e0c83e6c29f1c3' into campo para ingresar Password]], Then Usuario da click en el boton Enviar [Javier login boton enviar task [Javier clicks on campo para ingresar Password]]]
[Test worker] WARN net.thucydides.core.steps.BaseStepListener - TestOutcomes: [Ingresar a la plataforma de Evalart como usuario valido:Example: {usuario=46675, contrasena=10df2f32286b7120Mi00LTE1NzY2NA==30e0c83e6c29f1c3} [Given Dirigirse a la URL [Javier login task [Javier opens the Objetos]], When el usuario ingresa 46675 y 10df2f32286b7120Mi00LTE1NzY2NA==30e0c83e6c29f1c3 [Javier login datos task [Javier clicks on campo para ingresar Usuario, Javier enters '46675' into campo para ingresar Usuario, Javier clicks on campo para ingresar Password, Javier enters '10df2f32286b7120Mi00LTE1NzY2NA==30e0c83e6c29f1c3' into campo para ingresar Password]], Then Usuario da click en el boton Enviar [Javier login boton enviar task [Javier clicks on campo para ingresar Password]]]]
[Test worker] WARN net.thucydides.core.steps.BaseStepListener - Final testOutcomes: [Ingresar a la plataforma de Evalart como usuario valido:Example: {usuario=46675, contrasena=10df2f32286b7120Mi00LTE1NzY2NA==30e0c83e6c29f1c3} [Given Dirigirse a la URL [Javier login task [Javier opens the Objetos]], When el usuario ingresa 46675 y 10df2f32286b7120Mi00LTE1NzY2NA==30e0c83e6c29f1c3 [Javier login datos task [Javier clicks on campo para ingresar Usuario, Javier enters '46675' into campo para ingresar Usuario, Javier clicks on campo para ingresar Password, Javier enters '10df2f32286b7120Mi00LTE1NzY2NA==30e0c83e6c29f1c3' into campo para ingresar Password]], Then Usuario da click en el boton Enviar [Javier login boton enviar task [Javier clicks on campo para ingresar Password]]]]
[Test worker] INFO net.thucydides.core.steps.ConsoleLoggingListener - 
        __    _____ _____ ____ _____   ____   _    ____  ____  _____ ____  
  _     \ \  |_   _| ____/ ___|_   _| |  _ \ / \  / ___|/ ___|| ____|  _ \ 
 (_)_____| |   | | |  _| \___ \ | |   | |_) / _ \ \___ \\___ \|  _| | | | |
  _|_____| |   | | | |___ ___) || |   |  __/ ___ \ ___) |___) | |___| |_| |
 (_)     | |   |_| |_____|____/ |_|   |_| /_/   \_\____/|____/|_____|____/ 
        /_/                                                                

TEST PASSED: Ingresar a la plataforma de Evalart como usuario valido
----------------------------------------------------------------------------
]]></system-err>
</testsuite>
